1591074731729:help
1591074742875:en init
1591074836086:help
1591074839893:en init
1591083384328:pint
1591083389620:help
1591083392139:en init
1591083520436:help
1591083522953:en init
1591083660349:hel[
1591083662512:help
1591083664833:en init
1591084226331:help
1591084229759:en init
1591084399881:help
1591084402355:en init
1591084693498:help
1591084924702:exe --businessId "15271872494" --businessIdentity "default" --event "E1"  --source "S1"  --target "S2"
1591084969920:exe --businessId "15271872494" --businessIdentity "123" --event "E1"  --source "S1"  --target "S2"
1591085018227:exe --businessId "15271872494"
1591085063074:exe --businessId "15271872494" --businessIdentity "123" --event "E1"
1591085104429:exe --businessId "15271872494" --businessIdentity "123" --event "E1"  --source "S1"  --target "S2"
1591085151494:help
1591085277812:exe1 --businessId "15271872494"
1591085357469:exe1  "15271872494"  "default"
1591085443641:exe1  "15271872494"  "default" --event "E1"
1591085519691:exe  "15271872494"  "default" --event "E1"  --source "S1"  --target "S5"
1591085590179:exe1  "15271872494"  --businessIdentity "default" --event "E1"
1591085613701:exe  "15271872494" "default" --event "E1"
1591085635745:exe1  "15271872494" "default" --event "E1"
1591085683918:exe  "15271872494" "default" --event "E1"  --source "S1"  --target "S2"
1591085708707:exe  "15271872494" "default" --event "E1"  --source "S1"  --target "S5"
